2020-12-16 01:00:00,008 INFO 5201 [Timer] /root/bitstashinfo-api/app/schedule/update-feerate.js next time will execute after 3599994ms at 2020-12-16 02:00:00.002
2020-12-16 01:00:00,020 INFO 5201 [Timer] /root/bitstashinfo-api/app/schedule/update-price.js next time will execute after 3599987ms at 2020-12-16 02:00:00.007
2020-12-16 01:00:00,005 INFO 5212 [Job#16080804000015510943473065578334] /root/bitstashinfo-api/app/schedule/update-feerate.js executing by app
2020-12-16 01:00:00,023 INFO 5212 [Job#16080804000125510943484059594334] /root/bitstashinfo-api/app/schedule/update-price.js executing by app
2020-12-16 01:00:00,028 INFO 5212 [Job#16080804000125510943484059594334] /root/bitstashinfo-api/app/schedule/update-price.js execute succeed, used 5ms
2020-12-16 01:00:00,047 INFO 5212 [Job#16080804000015510943473065578334] /root/bitstashinfo-api/app/schedule/update-feerate.js execute succeed, used 38ms
2020-12-16 02:00:00,011 INFO 5201 [Timer] /root/bitstashinfo-api/app/schedule/update-feerate.js next time will execute after 3599991ms at 2020-12-16 03:00:00.001
2020-12-16 02:00:00,014 INFO 5201 [Timer] /root/bitstashinfo-api/app/schedule/update-price.js next time will execute after 3599988ms at 2020-12-16 03:00:00.002
2020-12-16 02:00:00,007 INFO 5212 [Job#16080840000035514543474959310335] /root/bitstashinfo-api/app/schedule/update-feerate.js executing by app
2020-12-16 02:00:00,021 INFO 5212 [Job#16080840000125514543483592364335] /root/bitstashinfo-api/app/schedule/update-price.js executing by app
2020-12-16 02:00:00,026 INFO 5212 [Job#16080840000125514543483592364335] /root/bitstashinfo-api/app/schedule/update-price.js execute succeed, used 5ms
2020-12-16 02:00:00,047 INFO 5212 [Job#16080840000035514543474959310335] /root/bitstashinfo-api/app/schedule/update-feerate.js execute succeed, used 36ms
2020-12-16 03:00:00,007 INFO 5212 [Job#16080876000025518143474251491336] /root/bitstashinfo-api/app/schedule/update-feerate.js executing by app
2020-12-16 03:00:00,027 INFO 5212 [Job#16080876000115518143482560354336] /root/bitstashinfo-api/app/schedule/update-price.js executing by app
2020-12-16 03:00:00,033 INFO 5212 [Job#16080876000115518143482560354336] /root/bitstashinfo-api/app/schedule/update-price.js execute succeed, used 6ms
2020-12-16 03:00:00,011 INFO 5201 [Timer] /root/bitstashinfo-api/app/schedule/update-feerate.js next time will execute after 3599991ms at 2020-12-16 04:00:00.002
2020-12-16 03:00:00,023 INFO 5201 [Timer] /root/bitstashinfo-api/app/schedule/update-price.js next time will execute after 3599989ms at 2020-12-16 04:00:00.012
2020-12-16 03:00:00,053 INFO 5212 [Job#16080876000025518143474251491336] /root/bitstashinfo-api/app/schedule/update-feerate.js execute succeed, used 45ms
2020-12-16 04:00:00,010 INFO 5201 [Timer] /root/bitstashinfo-api/app/schedule/update-feerate.js next time will execute after 3599992ms at 2020-12-16 05:00:00.002
2020-12-16 04:00:00,014 INFO 5201 [Timer] /root/bitstashinfo-api/app/schedule/update-price.js next time will execute after 3599987ms at 2020-12-16 05:00:00.001
2020-12-16 04:00:00,008 INFO 5212 [Job#16080912000035521743474611187337] /root/bitstashinfo-api/app/schedule/update-feerate.js executing by app
2020-12-16 04:00:00,031 INFO 5212 [Job#16080912000125521743484138925337] /root/bitstashinfo-api/app/schedule/update-price.js executing by app
2020-12-16 04:00:00,036 INFO 5212 [Job#16080912000125521743484138925337] /root/bitstashinfo-api/app/schedule/update-price.js execute succeed, used 5ms
2020-12-16 04:00:00,058 INFO 5212 [Job#16080912000035521743474611187337] /root/bitstashinfo-api/app/schedule/update-feerate.js execute succeed, used 46ms
2020-12-16 04:30:00,007 INFO 5212 [Job#1608093000004552354347521472115] /root/bitstashinfo-api/node_modules/egg-multipart/app/schedule/clean_tmpdir.js executing by app
2020-12-16 04:30:00,020 INFO 5212 [Job#1608093000004552354347521472115] /root/bitstashinfo-api/node_modules/egg-multipart/app/schedule/clean_tmpdir.js execute succeed, used 11ms
2020-12-16 04:30:00,013 INFO 5201 [Timer] /root/bitstashinfo-api/node_modules/egg-multipart/app/schedule/clean_tmpdir.js next time will execute after 86399996ms at 2020-12-17 04:30:00.009
2020-12-16 05:00:00,006 INFO 5212 [Job#16080948000025525343474007409338] /root/bitstashinfo-api/app/schedule/update-price.js executing by app
2020-12-16 05:00:00,009 INFO 5212 [Job#16080948000025525343474007409338] /root/bitstashinfo-api/app/schedule/update-price.js execute succeed, used 3ms
2020-12-16 05:00:00,013 INFO 5212 [Job#16080948000135525343484310990338] /root/bitstashinfo-api/app/schedule/update-feerate.js executing by app
2020-12-16 05:00:00,034 INFO 5212 [Job#16080948000135525343484310990338] /root/bitstashinfo-api/app/schedule/update-feerate.js execute succeed, used 21ms
2020-12-16 05:00:00,012 INFO 5201 [Timer] /root/bitstashinfo-api/app/schedule/update-price.js next time will execute after 3599997ms at 2020-12-16 06:00:00.009
2020-12-16 05:00:00,017 INFO 5201 [Timer] /root/bitstashinfo-api/app/schedule/update-feerate.js next time will execute after 3599985ms at 2020-12-16 06:00:00.002
2020-12-16 06:00:00,005 INFO 5212 [Job#16080984000025528943473730470339] /root/bitstashinfo-api/app/schedule/update-feerate.js executing by app
2020-12-16 06:00:00,016 INFO 5212 [Job#16080984000105528943481947140339] /root/bitstashinfo-api/app/schedule/update-price.js executing by app
2020-12-16 06:00:00,019 INFO 5212 [Job#16080984000105528943481947140339] /root/bitstashinfo-api/app/schedule/update-price.js execute succeed, used 3ms
2020-12-16 06:00:00,039 INFO 5212 [Job#16080984000025528943473730470339] /root/bitstashinfo-api/app/schedule/update-feerate.js execute succeed, used 33ms
2020-12-16 06:00:00,009 INFO 5201 [Timer] /root/bitstashinfo-api/app/schedule/update-feerate.js next time will execute after 3599993ms at 2020-12-16 07:00:00.001
2020-12-16 06:00:00,012 INFO 5201 [Timer] /root/bitstashinfo-api/app/schedule/update-price.js next time will execute after 3599989ms at 2020-12-16 07:00:00.001
2020-12-16 07:00:00,006 INFO 5212 [Job#16081020000025532543474221277340] /root/bitstashinfo-api/app/schedule/update-price.js executing by app
2020-12-16 07:00:00,013 INFO 5212 [Job#16081020000105532543481999592340] /root/bitstashinfo-api/app/schedule/update-feerate.js executing by app
2020-12-16 07:00:00,020 INFO 5212 [Job#16081020000025532543474221277340] /root/bitstashinfo-api/app/schedule/update-price.js execute succeed, used 12ms
2020-12-16 07:00:00,041 INFO 5212 [Job#16081020000105532543481999592340] /root/bitstashinfo-api/app/schedule/update-feerate.js execute succeed, used 28ms
2020-12-16 07:00:00,010 INFO 5201 [Timer] /root/bitstashinfo-api/app/schedule/update-price.js next time will execute after 3599991ms at 2020-12-16 08:00:00.001
2020-12-16 07:00:00,011 INFO 5201 [Timer] /root/bitstashinfo-api/app/schedule/update-feerate.js next time will execute after 3599989ms at 2020-12-16 08:00:00.000
2020-12-16 08:00:00,009 INFO 5212 [Job#16081056000025536143473647421341] /root/bitstashinfo-api/app/schedule/update-price.js executing by app
2020-12-16 08:00:00,015 INFO 5212 [Job#16081056000125536143484042501341] /root/bitstashinfo-api/app/schedule/update-feerate.js executing by app
2020-12-16 08:00:00,028 INFO 5212 [Job#16081056000025536143473647421341] /root/bitstashinfo-api/app/schedule/update-price.js execute succeed, used 16ms
2020-12-16 08:00:00,047 INFO 5212 [Job#16081056000125536143484042501341] /root/bitstashinfo-api/app/schedule/update-feerate.js execute succeed, used 32ms
2020-12-16 08:00:00,012 INFO 5201 [Timer] /root/bitstashinfo-api/app/schedule/update-price.js next time will execute after 3599995ms at 2020-12-16 09:00:00.007
2020-12-16 08:00:00,014 INFO 5201 [Timer] /root/bitstashinfo-api/app/schedule/update-feerate.js next time will execute after 3599987ms at 2020-12-16 09:00:00.001
2020-12-16 09:00:00,004 INFO 5201 [Timer] /root/bitstashinfo-api/app/schedule/update-feerate.js next time will execute after 3599997ms at 2020-12-16 10:00:00.001
2020-12-16 09:00:00,011 INFO 5201 [Timer] /root/bitstashinfo-api/app/schedule/update-price.js next time will execute after 3599989ms at 2020-12-16 10:00:00.000
2020-12-16 09:00:00,005 INFO 5212 [Job#16081092000025539743473469881342] /root/bitstashinfo-api/app/schedule/update-feerate.js executing by app
2020-12-16 09:00:00,010 INFO 5212 [Job#16081092000095539743480611125342] /root/bitstashinfo-api/app/schedule/update-price.js executing by app
2020-12-16 09:00:00,014 INFO 5212 [Job#16081092000095539743480611125342] /root/bitstashinfo-api/app/schedule/update-price.js execute succeed, used 4ms
2020-12-16 09:00:00,031 INFO 5212 [Job#16081092000025539743473469881342] /root/bitstashinfo-api/app/schedule/update-feerate.js execute succeed, used 25ms
2020-12-16 10:00:00,004 INFO 5212 [Job#16081128000025543343473267831343] /root/bitstashinfo-api/app/schedule/update-price.js executing by app
2020-12-16 10:00:00,011 INFO 5212 [Job#16081128000025543343473267831343] /root/bitstashinfo-api/app/schedule/update-price.js execute succeed, used 6ms
2020-12-16 10:00:00,013 INFO 5212 [Job#16081128000095543343480715668343] /root/bitstashinfo-api/app/schedule/update-feerate.js executing by app
2020-12-16 10:00:00,039 INFO 5212 [Job#16081128000095543343480715668343] /root/bitstashinfo-api/app/schedule/update-feerate.js execute succeed, used 26ms
2020-12-16 10:00:00,007 INFO 5201 [Timer] /root/bitstashinfo-api/app/schedule/update-price.js next time will execute after 3599994ms at 2020-12-16 11:00:00.001
2020-12-16 10:00:00,010 INFO 5201 [Timer] /root/bitstashinfo-api/app/schedule/update-feerate.js next time will execute after 3599990ms at 2020-12-16 11:00:00.000
2020-12-16 11:00:00,011 INFO 5201 [Timer] /root/bitstashinfo-api/app/schedule/update-feerate.js next time will execute after 3599991ms at 2020-12-16 12:00:00.002
2020-12-16 11:00:00,023 INFO 5201 [Timer] /root/bitstashinfo-api/app/schedule/update-price.js next time will execute after 3599989ms at 2020-12-16 12:00:00.012
2020-12-16 11:00:00,007 INFO 5212 [Job#16081164000035546943474263129344] /root/bitstashinfo-api/app/schedule/update-feerate.js executing by app
2020-12-16 11:00:00,026 INFO 5212 [Job#16081164000115546943482494182344] /root/bitstashinfo-api/app/schedule/update-price.js executing by app
2020-12-16 11:00:00,031 INFO 5212 [Job#16081164000115546943482494182344] /root/bitstashinfo-api/app/schedule/update-price.js execute succeed, used 5ms
2020-12-16 11:00:00,050 INFO 5212 [Job#16081164000035546943474263129344] /root/bitstashinfo-api/app/schedule/update-feerate.js execute succeed, used 42ms
2020-12-16 12:00:00,006 INFO 5212 [Job#16081200000035550543474606063345] /root/bitstashinfo-api/app/schedule/update-feerate.js executing by app
2020-12-16 12:00:00,017 INFO 5212 [Job#16081200000125550543483721162345] /root/bitstashinfo-api/app/schedule/update-price.js executing by app
2020-12-16 12:00:00,021 INFO 5212 [Job#16081200000125550543483721162345] /root/bitstashinfo-api/app/schedule/update-price.js execute succeed, used 4ms
2020-12-16 12:00:00,046 INFO 5212 [Job#16081200000035550543474606063345] /root/bitstashinfo-api/app/schedule/update-feerate.js execute succeed, used 39ms
2020-12-16 12:00:00,010 INFO 5201 [Timer] /root/bitstashinfo-api/app/schedule/update-feerate.js next time will execute after 3599991ms at 2020-12-16 13:00:00.001
2020-12-16 12:00:00,013 INFO 5201 [Timer] /root/bitstashinfo-api/app/schedule/update-price.js next time will execute after 3599987ms at 2020-12-16 13:00:00.000
2020-12-16 13:00:00,003 INFO 5212 [Job#16081236000005554143472219991346] /root/bitstashinfo-api/app/schedule/update-price.js executing by app
2020-12-16 13:00:00,013 INFO 5212 [Job#16081236000005554143472219991346] /root/bitstashinfo-api/app/schedule/update-price.js execute succeed, used 9ms
2020-12-16 13:00:00,015 INFO 5212 [Job#16081236000085554143479905328346] /root/bitstashinfo-api/app/schedule/update-feerate.js executing by app
2020-12-16 13:00:00,039 INFO 5212 [Job#16081236000085554143479905328346] /root/bitstashinfo-api/app/schedule/update-feerate.js execute succeed, used 24ms
2020-12-16 13:00:00,007 INFO 5201 [Timer] /root/bitstashinfo-api/app/schedule/update-price.js next time will execute after 3599995ms at 2020-12-16 14:00:00.002
2020-12-16 13:00:00,017 INFO 5201 [Timer] /root/bitstashinfo-api/app/schedule/update-feerate.js next time will execute after 3599991ms at 2020-12-16 14:00:00.008
2020-12-16 14:00:00,006 INFO 5212 [Job#16081272000035557743474857323347] /root/bitstashinfo-api/app/schedule/update-price.js executing by app
2020-12-16 14:00:00,015 INFO 5212 [Job#16081272000095557743480352370347] /root/bitstashinfo-api/app/schedule/update-feerate.js executing by app
2020-12-16 14:00:00,021 INFO 5212 [Job#16081272000035557743474857323347] /root/bitstashinfo-api/app/schedule/update-price.js execute succeed, used 7ms
2020-12-16 14:00:00,005 INFO 5201 [Timer] /root/bitstashinfo-api/app/schedule/update-price.js next time will execute after 3599996ms at 2020-12-16 15:00:00.001
2020-12-16 14:00:00,010 INFO 5201 [Timer] /root/bitstashinfo-api/app/schedule/update-feerate.js next time will execute after 3599991ms at 2020-12-16 15:00:00.001
2020-12-16 14:00:00,037 INFO 5212 [Job#16081272000095557743480352370347] /root/bitstashinfo-api/app/schedule/update-feerate.js execute succeed, used 21ms
